
> my_portfolio@0.1.0 dev
> next dev

⚠ Warning: Next.js inferred your workspace root, but it may not be correct.
 We detected multiple lockfiles and selected the directory of /Users/sunnytyagi/package-lock.json as the root directory.
 To silence this warning, set `turbopack.root` in your Next.js config, or consider removing one of the lockfiles if it's not needed.
   See https://nextjs.org/docs/app/api-reference/config/next-config-js/turbopack#root-directory for more information.
 Detected additional lockfiles: 
   * /Users/sunnytyagi/Documents/my project/resume_project/my_portfolio/package-lock.json

▲ Next.js 16.1.6 (Turbopack)
- Local:         http://localhost:3000
- Network:       http://10.35.138.217:3000
- Environments: .env.local

✓ Starting...
✓ Ready in 794ms
 GET / 200 in 1855ms (compile: 1358ms, render: 498ms)
 GET /profile.jpg 404 in 489ms (compile: 355ms, render: 134ms)
⨯ The requested resource isn't a valid image for /profile.jpg received null
 GET /project-lang.png 404 in 303ms (compile: 27ms, render: 276ms)
⨯ The requested resource isn't a valid image for /project-lang.png received null
 GET /project-cipher.png 404 in 335ms (compile: 152ms, render: 183ms)
 GET /project-travel.png 404 in 341ms (compile: 195ms, render: 147ms)
⨯ The requested resource isn't a valid image for /project-cipher.png received null
⨯ The requested resource isn't a valid image for /project-travel.png received null
 GET /api/health 200 in 385ms (compile: 188ms, render: 197ms)
 GET /api/coding-stats 200 in 1026ms (compile: 170ms, render: 856ms)
 GET /api/health 200 in 106ms (compile: 24ms, render: 82ms)
 GET /api/health 200 in 266ms (compile: 59ms, render: 207ms)
 GET /api/health 200 in 192ms (compile: 9ms, render: 182ms)
 GET /api/health 200 in 210ms (compile: 28ms, render: 182ms)
 GET /api/health 200 in 225ms (compile: 34ms, render: 191ms)
 GET /api/health 200 in 180ms (compile: 28ms, render: 152ms)
 GET /api/health 200 in 98ms (compile: 13ms, render: 86ms)
 GET /api/health 200 in 173ms (compile: 13ms, render: 160ms)
 GET /api/health 200 in 128ms (compile: 9ms, render: 119ms)
 GET /api/health 200 in 139ms (compile: 22ms, render: 117ms)
 GET /api/health 200 in 193ms (compile: 3ms, render: 190ms)
 GET /api/health 200 in 179ms (compile: 5ms, render: 173ms)
 GET /api/health 200 in 187ms (compile: 19ms, render: 168ms)
 GET /api/health 200 in 212ms (compile: 5ms, render: 207ms)
 GET /api/health 200 in 107ms (compile: 9ms, render: 98ms)
 GET /api/health 200 in 213ms (compile: 24ms, render: 189ms)
 GET /api/health 200 in 169ms (compile: 12ms, render: 157ms)
 GET /api/health 200 in 165ms (compile: 11ms, render: 154ms)
 GET /api/health 200 in 147ms (compile: 20ms, render: 127ms)
 GET /api/health 200 in 81ms (compile: 4ms, render: 78ms)
 GET /api/health 200 in 176ms (compile: 19ms, render: 157ms)
 GET /api/health 200 in 154ms (compile: 7ms, render: 147ms)
 GET /api/health 200 in 134ms (compile: 3ms, render: 130ms)
 GET /api/health 200 in 137ms (compile: 12ms, render: 125ms)
 GET /api/health 200 in 108ms (compile: 11ms, render: 97ms)
 GET /api/health 200 in 218ms (compile: 15ms, render: 203ms)
 GET /api/health 200 in 199ms (compile: 44ms, render: 156ms)
 GET /api/health 200 in 200ms (compile: 11ms, render: 189ms)
 GET /api/health 200 in 221ms (compile: 13ms, render: 208ms)
 GET /api/health 200 in 226ms (compile: 20ms, render: 206ms)
 GET /api/health 200 in 130ms (compile: 19ms, render: 112ms)
 GET /api/health 200 in 230ms (compile: 105ms, render: 124ms)
 GET /api/health 200 in 161ms (compile: 34ms, render: 127ms)
 GET /api/health 200 in 301ms (compile: 68ms, render: 232ms)
 GET /api/health 200 in 227ms (compile: 12ms, render: 216ms)
 GET /api/health 200 in 209ms (compile: 23ms, render: 185ms)
 GET /api/health 200 in 186ms (compile: 11ms, render: 175ms)
 GET /api/health 200 in 151ms (compile: 3ms, render: 148ms)
 GET /api/health 200 in 112ms (compile: 3ms, render: 109ms)
[?25h
